<?xml version="1.0" encoding="UTF-8"?>
<testsuite name="com.gildedrose.GildedRoseTest" tests="6" skipped="0" failures="0" errors="0" timestamp="2022-10-12T10:40:52" hostname="vm-etu-aaabdoulay.local.isima.fr" time="0.057">
  <properties/>
  <testcase name="Test that default element is changed correctly" classname="com.gildedrose.GildedRoseTest" time="0.035"/>
  <testcase name="Test that values are changed correctly" classname="com.gildedrose.GildedRoseTest" time="0.002"/>
  <testcase name="Test that Aged Brie is changed correctly" classname="com.gildedrose.GildedRoseTest" time="0.003"/>
  <testcase name="Test that quality don't exceed 50" classname="com.gildedrose.GildedRoseTest" time="0.002"/>
  <testcase name="Test that Backstage passes to a TAFKAL80ETC concert is changed correctly" classname="com.gildedrose.GildedRoseTest" time="0.001"/>
  <testcase name="Test that Sulfuras, Hand of Ragnaros is changed correctly" classname="com.gildedrose.GildedRoseTest" time="0.001"/>
  <system-out><![CDATA[]]></system-out>
  <system-err><![CDATA[]]></system-err>
</testsuite>
